[debug] [2022-07-01T13:34:34.397Z] ----------------------------------------------------------------------
[debug] [2022-07-01T13:34:34.414Z] Command:       C:\Program Files\nodejs\node.exe C:\Users\silas\AppData\Roaming\npm\node_modules\firebase-tools\lib\bin\firebase.js deploy
[debug] [2022-07-01T13:34:34.417Z] CLI Version:   11.1.0
[debug] [2022-07-01T13:34:34.418Z] Platform:      win32
[debug] [2022-07-01T13:34:34.419Z] Node Version:  v16.15.0
[debug] [2022-07-01T13:34:34.425Z] Time:          Fri Jul 01 2022 14:34:34 GMT+0100 (West Africa Standard Time)
[debug] [2022-07-01T13:34:34.427Z] ----------------------------------------------------------------------
[debug] 
[debug] [2022-07-01T13:34:34.806Z] > command requires scopes: ["email","openid","https://www.googleapis.com/auth/cloudplatformprojects.readonly","https://www.googleapis.com/auth/firebase","https://www.googleapis.com/auth/cloud-platform"]
[debug] [2022-07-01T13:34:34.809Z] > authorizing via signed-in user (silasmagho18@gmail.com)
[debug] [2022-07-01T13:34:34.809Z] [iam] checking project portfolio-5db3c for permissions ["firebase.projects.get","firebasehosting.sites.update"]
[debug] [2022-07-01T13:34:34.822Z] >>> [apiv2][query] POST https://cloudresourcemanager.googleapis.com/v1/projects/portfolio-5db3c:testIamPermissions [none]
[debug] [2022-07-01T13:34:34.824Z] >>> [apiv2][body] POST https://cloudresourcemanager.googleapis.com/v1/projects/portfolio-5db3c:testIamPermissions {"permissions":["firebase.projects.get","firebasehosting.sites.update"]}
[debug] [2022-07-01T13:34:43.730Z] <<< [apiv2][status] POST https://cloudresourcemanager.googleapis.com/v1/projects/portfolio-5db3c:testIamPermissions 200
[debug] [2022-07-01T13:34:43.731Z] <<< [apiv2][body] POST https://cloudresourcemanager.googleapis.com/v1/projects/portfolio-5db3c:testIamPermissions {"permissions":["firebase.projects.get","firebasehosting.sites.update"]}
[debug] [2022-07-01T13:34:43.738Z] >>> [apiv2][query] GET https://firebase.googleapis.com/v1beta1/projects/portfolio-5db3c [none]
[debug] [2022-07-01T13:34:44.777Z] <<< [apiv2][status] GET https://firebase.googleapis.com/v1beta1/projects/portfolio-5db3c 200
[debug] [2022-07-01T13:34:44.778Z] <<< [apiv2][body] GET https://firebase.googleapis.com/v1beta1/projects/portfolio-5db3c {"projectId":"portfolio-5db3c","projectNumber":"559257303461","displayName":"portfolio","name":"projects/portfolio-5db3c","resources":{"hostingSite":"portfolio-5db3c"},"state":"ACTIVE"}
[info] 
[info] === Deploying to 'portfolio-5db3c'...
[info] 
[info] i  deploying hosting 
[debug] [2022-07-01T13:34:44.798Z] >>> [apiv2][query] GET https://firebase.googleapis.com/v1beta1/projects/portfolio-5db3c [none]
[debug] [2022-07-01T13:34:45.580Z] <<< [apiv2][status] GET https://firebase.googleapis.com/v1beta1/projects/portfolio-5db3c 200
[debug] [2022-07-01T13:34:45.580Z] <<< [apiv2][body] GET https://firebase.googleapis.com/v1beta1/projects/portfolio-5db3c {"projectId":"portfolio-5db3c","projectNumber":"559257303461","displayName":"portfolio","name":"projects/portfolio-5db3c","resources":{"hostingSite":"portfolio-5db3c"},"state":"ACTIVE"}
[debug] [2022-07-01T13:34:45.590Z] >>> [apiv2][query] POST https://firebasehosting.googleapis.com/v1beta1/projects/559257303461/sites/portfolio-5db3c/versions [none]
[debug] [2022-07-01T13:34:45.591Z] >>> [apiv2][body] POST https://firebasehosting.googleapis.com/v1beta1/projects/559257303461/sites/portfolio-5db3c/versions {"config":{},"labels":{"deployment-tool":"cli-firebase"}}
[debug] [2022-07-01T13:34:47.551Z] <<< [apiv2][status] POST https://firebasehosting.googleapis.com/v1beta1/projects/559257303461/sites/portfolio-5db3c/versions 200
[debug] [2022-07-01T13:34:47.552Z] <<< [apiv2][body] POST https://firebasehosting.googleapis.com/v1beta1/projects/559257303461/sites/portfolio-5db3c/versions {"name":"projects/559257303461/sites/portfolio-5db3c/versions/f7f0db1bbd470ec9","status":"CREATED","config":{},"labels":{"deployment-tool":"cli-firebase"}}
[info] i  hosting[portfolio-5db3c]: beginning deploy... 
[info] i  hosting[portfolio-5db3c]: found 22 files in build 
[debug] [2022-07-01T13:34:47.623Z] [hosting] uploading with 200 concurrency
[debug] [2022-07-01T13:34:47.655Z] [hosting] hash cache [YnVpbGQ] stored for 22 files
[debug] [2022-07-01T13:34:47.656Z] [hosting][hash queue][FINAL] {"max":13,"min":2,"avg":2,"active":0,"complete":22,"success":22,"errored":0,"retried":0,"total":22,"elapsed":26}
[debug] [2022-07-01T13:34:47.658Z] >>> [apiv2][query] POST https://firebasehosting.googleapis.com/v1beta1/projects/559257303461/sites/portfolio-5db3c/versions/f7f0db1bbd470ec9:populateFiles [none]
[debug] [2022-07-01T13:34:47.659Z] >>> [apiv2][body] POST https://firebasehosting.googleapis.com/v1beta1/projects/559257303461/sites/portfolio-5db3c/versions/f7f0db1bbd470ec9:populateFiles {"files":{"/asset-manifest.json":"0ebf4edbe320561b9889e155ca6b117f9e8acf002865a2246e7b7900eb3c2884","/favicon.ico":"eae62e993eb980ec8a25058c39d5a51feab118bd2100c4deebb2a9c158ec11f9","/index.html":"34e7e6e633fdaf58acfedcdbbc6fbfaea81e18a4eee8107005597abb036a4618","/logo192.png":"3ee59515172ee198f3be375979df15ac5345183e656720a381b8872b2a39dc8b","/logo512.png":"ee7e2f3fdb8209c4b6fd7bef6ba50d1b9dba30a25bb5c3126df057e1cb6f5331","/manifest.json":"aff3449bdc238776f5d6d967f19ec491b36aed5fb7f23ccff6500736fd58494a","/robots.txt":"bfe106a3fb878dc83461c86818bf74fc1bdc7f28538ba613cd3e775516ce8b49","/static/css/main.a0c19041.css":"91110079853cf3103ad4b1df4e203d6562f72467e7509db1b4f52d158ba55587","/static/css/main.a0c19041.css.map":"50ab42be6851e49d4fe7f05a62a49cc623361168eab3ddfedaa596d683d6bacc","/static/js/main.c25c8c8b.js":"2614f9309617afab1106a7a1c6724d269a1e04354a94f08c20b7b0e958764de6","/static/js/main.c25c8c8b.js.LICENSE.txt":"a1e10079e8155bc5525d13d0464e64acbd892cb93e51621cce5f31f1c4cc8fe3","/static/js/main.c25c8c8b.js.map":"66f786cae0e18399a1c847d7786eb2a4b64bafc972bb61f9e20fe13d70ac74a7","/static/media/Capture2.00ba1a55dea24cea5f76.PNG":"1add6a19972339c989f3de993a734cca17b1f700adb84cd86a82709170e267e0","/static/media/Capture3.73bb5aea2ad584a45f8b.PNG":"b3cc5f1bb4b48439895468449d3b0eb8b12ac410cd10806264f90ee88e1d9e2a","/static/media/Capture4.7f8ff6186ee170fa2e10.PNG":"46fd01ba37691dd3e477f3843e6ec0dad6801fa58c73e5f248da494c60f883e6","/static/media/Capture5.79aebc21c6b4acbeb24a.PNG":"d2fe9e9011335502fd7327ccd253e96877b00e2452fa5d47a9329c41494880a6","/static/media/Capture6.0e4b3cac154726c9eed1.PNG":"7a6da09d3334a01088e457bd3691d2fd241bdde47665d730084f3c7c7897bbf1","/static/media/Capture7.19aebaf2c4a84d00cd48.PNG":"8b9d7683ff518e0dbd5cf85494da8341932aecf5377e3d1f4c4025e064213daa","/static/media/facebook-square-brands.72e5206145c3fa1edce96f48d492db0b.svg":"a936273a6e39427649642dc5a94bd6736ee7e9a402d7a66b90553f74d424ed67","/static/media/instagram-square-brands.5ae6e89cbd48528de5aa554aa40cbb5c.svg":"dcfd7b50f46248cb37b62b0eebcd05379e4d68b2d0aeb906802ec74e17bb9f77","/static/media/intro-img.85c51a3682f8f0b60d76.JPG":"422929d2eb463b67fc7ab30eb240cca6349d0a9d31485c6f6f1a2976d7cdc416","/static/media/twitter-square-brands.faf4ba729f1777c57c6c4075281f100c.svg":"4718da1750153d52be6d124789627017fff6c7a8fa72ad2fdd5af28728dd559e"}}
[debug] [2022-07-01T13:34:49.748Z] <<< [apiv2][status] POST https://firebasehosting.googleapis.com/v1beta1/projects/559257303461/sites/portfolio-5db3c/versions/f7f0db1bbd470ec9:populateFiles 200
[debug] [2022-07-01T13:34:49.749Z] <<< [apiv2][body] POST https://firebasehosting.googleapis.com/v1beta1/projects/559257303461/sites/portfolio-5db3c/versions/f7f0db1bbd470ec9:populateFiles {"uploadRequiredHashes":["7a6da09d3334a01088e457bd3691d2fd241bdde47665d730084f3c7c7897bbf1","46fd01ba37691dd3e477f3843e6ec0dad6801fa58c73e5f248da494c60f883e6","8b9d7683ff518e0dbd5cf85494da8341932aecf5377e3d1f4c4025e064213daa"],"uploadUrl":"https://upload-firebasehosting.googleapis.com/upload/sites/portfolio-5db3c/versions/f7f0db1bbd470ec9/files"}
[debug] [2022-07-01T13:34:49.757Z] >>> [apiv2][query] POST https://upload-firebasehosting.googleapis.com/upload/sites/portfolio-5db3c/versions/f7f0db1bbd470ec9/files/7a6da09d3334a01088e457bd3691d2fd241bdde47665d730084f3c7c7897bbf1 [none]
[debug] [2022-07-01T13:34:49.757Z] >>> [apiv2][body] POST https://upload-firebasehosting.googleapis.com/upload/sites/portfolio-5db3c/versions/f7f0db1bbd470ec9/files/7a6da09d3334a01088e457bd3691d2fd241bdde47665d730084f3c7c7897bbf1 [stream]
[debug] [2022-07-01T13:34:49.763Z] >>> [apiv2][query] POST https://upload-firebasehosting.googleapis.com/upload/sites/portfolio-5db3c/versions/f7f0db1bbd470ec9/files/46fd01ba37691dd3e477f3843e6ec0dad6801fa58c73e5f248da494c60f883e6 [none]
[debug] [2022-07-01T13:34:49.764Z] >>> [apiv2][body] POST https://upload-firebasehosting.googleapis.com/upload/sites/portfolio-5db3c/versions/f7f0db1bbd470ec9/files/46fd01ba37691dd3e477f3843e6ec0dad6801fa58c73e5f248da494c60f883e6 [stream]
[debug] [2022-07-01T13:34:49.767Z] >>> [apiv2][query] POST https://upload-firebasehosting.googleapis.com/upload/sites/portfolio-5db3c/versions/f7f0db1bbd470ec9/files/8b9d7683ff518e0dbd5cf85494da8341932aecf5377e3d1f4c4025e064213daa [none]
[debug] [2022-07-01T13:34:49.768Z] >>> [apiv2][body] POST https://upload-firebasehosting.googleapis.com/upload/sites/portfolio-5db3c/versions/f7f0db1bbd470ec9/files/8b9d7683ff518e0dbd5cf85494da8341932aecf5377e3d1f4c4025e064213daa [stream]
[debug] [2022-07-01T13:34:49.771Z] [hosting][populate queue][FINAL] {"max":2107,"min":2107,"avg":2107,"active":0,"complete":1,"success":1,"errored":0,"retried":0,"total":1,"elapsed":2123}
[debug] [2022-07-01T13:34:49.772Z] [hosting] uploads queued: 3
[debug] [2022-07-01T13:35:20.187Z] [uploadQueue] Retrying task 8b9d7683ff518e0dbd5cf85494da8341932aecf5377e3d1f4c4025e064213daa
[debug] [2022-07-01T13:35:20.191Z] >>> [apiv2][query] POST https://upload-firebasehosting.googleapis.com/upload/sites/portfolio-5db3c/versions/f7f0db1bbd470ec9/files/8b9d7683ff518e0dbd5cf85494da8341932aecf5377e3d1f4c4025e064213daa [none]
[debug] [2022-07-01T13:35:20.191Z] >>> [apiv2][body] POST https://upload-firebasehosting.googleapis.com/upload/sites/portfolio-5db3c/versions/f7f0db1bbd470ec9/files/8b9d7683ff518e0dbd5cf85494da8341932aecf5377e3d1f4c4025e064213daa [stream]
[debug] [2022-07-01T13:35:21.538Z] [uploadQueue] Retrying task 7a6da09d3334a01088e457bd3691d2fd241bdde47665d730084f3c7c7897bbf1
[debug] [2022-07-01T13:35:21.542Z] >>> [apiv2][query] POST https://upload-firebasehosting.googleapis.com/upload/sites/portfolio-5db3c/versions/f7f0db1bbd470ec9/files/7a6da09d3334a01088e457bd3691d2fd241bdde47665d730084f3c7c7897bbf1 [none]
[debug] [2022-07-01T13:35:21.542Z] >>> [apiv2][body] POST https://upload-firebasehosting.googleapis.com/upload/sites/portfolio-5db3c/versions/f7f0db1bbd470ec9/files/7a6da09d3334a01088e457bd3691d2fd241bdde47665d730084f3c7c7897bbf1 [stream]
[debug] [2022-07-01T13:35:43.752Z] [uploadQueue] Retrying task 46fd01ba37691dd3e477f3843e6ec0dad6801fa58c73e5f248da494c60f883e6
[debug] [2022-07-01T13:35:43.756Z] >>> [apiv2][query] POST https://upload-firebasehosting.googleapis.com/upload/sites/portfolio-5db3c/versions/f7f0db1bbd470ec9/files/46fd01ba37691dd3e477f3843e6ec0dad6801fa58c73e5f248da494c60f883e6 [none]
[debug] [2022-07-01T13:35:43.756Z] >>> [apiv2][body] POST https://upload-firebasehosting.googleapis.com/upload/sites/portfolio-5db3c/versions/f7f0db1bbd470ec9/files/46fd01ba37691dd3e477f3843e6ec0dad6801fa58c73e5f248da494c60f883e6 [stream]
[debug] [2022-07-01T13:35:51.013Z] [uploadQueue] Retrying task 8b9d7683ff518e0dbd5cf85494da8341932aecf5377e3d1f4c4025e064213daa
[debug] [2022-07-01T13:35:51.014Z] >>> [apiv2][query] POST https://upload-firebasehosting.googleapis.com/upload/sites/portfolio-5db3c/versions/f7f0db1bbd470ec9/files/8b9d7683ff518e0dbd5cf85494da8341932aecf5377e3d1f4c4025e064213daa [none]
[debug] [2022-07-01T13:35:51.014Z] >>> [apiv2][body] POST https://upload-firebasehosting.googleapis.com/upload/sites/portfolio-5db3c/versions/f7f0db1bbd470ec9/files/8b9d7683ff518e0dbd5cf85494da8341932aecf5377e3d1f4c4025e064213daa [stream]
[debug] [2022-07-01T13:35:53.737Z] [uploadQueue] Retrying task 7a6da09d3334a01088e457bd3691d2fd241bdde47665d730084f3c7c7897bbf1
[debug] [2022-07-01T13:35:53.737Z] >>> [apiv2][query] POST https://upload-firebasehosting.googleapis.com/upload/sites/portfolio-5db3c/versions/f7f0db1bbd470ec9/files/7a6da09d3334a01088e457bd3691d2fd241bdde47665d730084f3c7c7897bbf1 [none]
[debug] [2022-07-01T13:35:53.738Z] >>> [apiv2][body] POST https://upload-firebasehosting.googleapis.com/upload/sites/portfolio-5db3c/versions/f7f0db1bbd470ec9/files/7a6da09d3334a01088e457bd3691d2fd241bdde47665d730084f3c7c7897bbf1 [stream]
